<?xml version="1.0" encoding="UTF-8"?>
<!-- Generated by org.testng.reporters.JUnitReportReporter -->
<testsuite skipped="7" hostname="LTIN147205" name="Utilities.DateFunction" tests="7" failures="0" timestamp="2022-04-08T14:51:03 IST" time="0.000" errors="0">
  <testcase name="SortBy" time="0.000" classname="Utilities.DateFunction">
    <skipped/>
  </testcase> <!-- SortBy -->
  <system-out/>
  <testcase name="liftAccess" time="0.000" classname="Utilities.DateFunction">
    <skipped/>
  </testcase> <!-- liftAccess -->
  <system-out/>
  <testcase name="returnHomePage" time="0.000" classname="Utilities.DateFunction">
    <skipped/>
  </testcase> <!-- returnHomePage -->
  <system-out/>
  <testcase name="holidayHomes" time="0.000" classname="Utilities.DateFunction">
    <skipped/>
  </testcase> <!-- holidayHomes -->
  <system-out/>
  <testcase name="searchPage" time="0.000" classname="Utilities.DateFunction">
    <skipped/>
  </testcase> <!-- searchPage -->
  <system-out/>
  <testcase name="resultsPage" time="0.000" classname="Utilities.DateFunction">
    <skipped/>
  </testcase> <!-- resultsPage -->
  <system-out/>
  <testcase name="holidayHomePrice" time="0.000" classname="Utilities.DateFunction">
    <skipped/>
  </testcase> <!-- holidayHomePrice -->
  <system-out/>
</testsuite> <!-- Utilities.DateFunction -->
