<?xml version="1.0" encoding="UTF-8"?>
<!-- Generated by org.testng.reporters.JUnitReportReporter -->
<testsuite skipped="0" hostname="LTIN147205" name="Tests.Cruises" tests="8" failures="0" timestamp="2022-04-08T21:25:48 IST" time="74.001" errors="0">
  <testcase name="selectCruises" time="9.083" classname="Tests.Cruises"/>
  <system-out/>
  <testcase name="selectCruises" time="9.198" classname="Tests.Cruises"/>
  <system-out/>
  <testcase name="cruisesHome" time="11.129" classname="Tests.Cruises"/>
  <system-out/>
  <testcase name="shipDetails" time="12.662" classname="Tests.Cruises"/>
  <system-out/>
  <testcase name="shipDetails" time="13.344" classname="Tests.Cruises"/>
  <system-out/>
  <testcase name="cruisesHome" time="12.505" classname="Tests.Cruises"/>
  <system-out/>
  <testcase name="close" time="2.727" classname="Tests.Cruises"/>
  <system-out/>
  <testcase name="close" time="3.353" classname="Tests.Cruises"/>
  <system-out/>
</testsuite> <!-- Tests.Cruises -->
