<?xml version="1.0" encoding="UTF-8"?>
<!-- Generated by org.testng.reporters.JUnitReportReporter -->
<testsuite skipped="0" hostname="LTIN147205" name="Tests.HolidayHomes" tests="14" failures="0" timestamp="2022-04-08T21:25:48 IST" time="72.692" errors="0">
  <testcase name="resultsPage" time="3.799" classname="Tests.HolidayHomes"/>
  <system-out/>
  <testcase name="returnHomePage" time="1.429" classname="Tests.HolidayHomes"/>
  <system-out/>
  <testcase name="holidayHomes" time="6.647" classname="Tests.HolidayHomes"/>
  <system-out/>
  <testcase name="resultsPage" time="4.041" classname="Tests.HolidayHomes"/>
  <system-out/>
  <testcase name="holidayHomePrice" time="2.612" classname="Tests.HolidayHomes"/>
  <system-out/>
  <testcase name="searchPage" time="15.290" classname="Tests.HolidayHomes"/>
  <system-out/>
  <testcase name="liftAccess" time="2.613" classname="Tests.HolidayHomes"/>
  <system-out/>
  <testcase name="holidayHomePrice" time="3.709" classname="Tests.HolidayHomes"/>
  <system-out/>
  <testcase name="holidayHomes" time="5.545" classname="Tests.HolidayHomes"/>
  <system-out/>
  <testcase name="liftAccess" time="2.882" classname="Tests.HolidayHomes"/>
  <system-out/>
  <testcase name="returnHomePage" time="2.468" classname="Tests.HolidayHomes"/>
  <system-out/>
  <testcase name="SortBy" time="2.441" classname="Tests.HolidayHomes"/>
  <system-out/>
  <testcase name="SortBy" time="2.320" classname="Tests.HolidayHomes"/>
  <system-out/>
  <testcase name="searchPage" time="16.896" classname="Tests.HolidayHomes"/>
  <system-out/>
</testsuite> <!-- Tests.HolidayHomes -->
